<?xml version="1.0" encoding="UTF-8"?>
<!-- Generated by org.testng.reporters.JUnitReportReporter -->
<testsuite name="org.login.FlipKartProduct" tests="1" time="16.051" ignored="0" failures="0" timestamp="25 May 2022 10:50:03 GMT" skipped="0" hostname="DESKTOP-GD2TQ7C" errors="0">
  <testcase name="ascendingRupees" time="16.051" classname="org.login.FlipKartProduct"/>
</testsuite> <!-- org.login.FlipKartProduct -->
