<?xml version="1.0" encoding="UTF-8"?>
<!-- Generated by org.testng.reporters.JUnitReportReporter -->
<testsuite name="org.login.ScreenShotEx" tests="1" time="9.871" ignored="0" failures="0" timestamp="12 May 2022 04:59:33 GMT" skipped="0" hostname="DESKTOP-GD2TQ7C" errors="0">
  <testcase name="errorPicture" time="9.871" classname="org.login.ScreenShotEx"/>
</testsuite> <!-- org.login.ScreenShotEx -->
