<?xml version="1.0" encoding="UTF-8"?>
<!-- Generated by org.testng.reporters.JUnitReportReporter -->
<testsuite name="org.login.Atactin" tests="1" time="19.693" ignored="0" failures="0" timestamp="13 May 2022 04:44:53 GMT" skipped="0" hostname="DESKTOP-GD2TQ7C" errors="0">
  <testcase name="login" time="19.693" classname="org.login.Atactin"/>
</testsuite> <!-- org.login.Atactin -->
