<?xml version="1.0" encoding="UTF-8"?>
<!-- Generated by org.testng.reporters.JUnitReportReporter -->
<testsuite name="org.login.WebTableTestLeaf" tests="1" time="1.066" ignored="3" failures="0" timestamp="14 May 2022 14:52:41 GMT" skipped="0" hostname="DESKTOP-GD2TQ7C" errors="0">
  <testcase name="checktheVitalTaskfortheLeastCompletedProgress" time="1.066" classname="org.login.WebTableTestLeaf"/>
  <testcase name="gettheCountofNumberofRows" classname="org.login.WebTableTestLeaf">
    <skipped/>
  </testcase> <!-- gettheCountofNumberofRows -->
  <testcase name="gettheprogressvaluefLearntointeractwithElements" classname="org.login.WebTableTestLeaf">
    <skipped/>
  </testcase> <!-- gettheprogressvaluefLearntointeractwithElements -->
  <testcase name="gettheCountofNumberofColumns" classname="org.login.WebTableTestLeaf">
    <skipped/>
  </testcase> <!-- gettheCountofNumberofColumns -->
</testsuite> <!-- org.login.WebTableTestLeaf -->
