<?xml version="1.0" encoding="UTF-8"?>
<!-- Generated by org.testng.reporters.JUnitReportReporter -->
<testsuite name="com.EX.Class3" tests="3" time="0.060" ignored="0" failures="0" timestamp="22 Apr 2022 04:57:05 GMT" skipped="0" hostname="DESKTOP-GD2TQ7C" errors="0">
  <testcase name="tr303" time="0.016" classname="com.EX.Class3"/>
  <testcase name="tr302" time="0.015" classname="com.EX.Class3"/>
  <testcase name="tr301" time="0.029" classname="com.EX.Class3"/>
</testsuite> <!-- com.EX.Class3 -->
