<?xml version="1.0" encoding="UTF-8"?>
<!-- Generated by org.testng.reporters.JUnitReportReporter -->
<testsuite name="org.login.FlipKartProduct" tests="1" time="26.276" ignored="0" failures="0" timestamp="15 May 2022 05:58:30 GMT" skipped="0" hostname="DESKTOP-GD2TQ7C" errors="0">
  <testcase name="ascendingRupees" time="26.276" classname="org.login.FlipKartProduct"/>
</testsuite> <!-- org.login.FlipKartProduct -->
