<?xml version="1.0" encoding="UTF-8"?>
<!-- Generated by org.testng.reporters.JUnitReportReporter -->
<testsuite name="com.EX.Parameter" tests="3" time="92.791" ignored="0" failures="0" timestamp="23 Apr 2022 05:35:27 GMT" skipped="0" hostname="DESKTOP-GD2TQ7C" errors="0">
  <testcase name="login" time="24.951" classname="com.EX.Parameter"/>
  <testcase name="login" time="33.193" classname="com.EX.Parameter"/>
  <testcase name="login" time="34.647" classname="com.EX.Parameter"/>
</testsuite> <!-- com.EX.Parameter -->
