<?xml version="1.0" encoding="UTF-8"?>
<!-- Generated by org.testng.reporters.JUnitReportReporter -->
<testsuite name="org.login.XpathFb" tests="1" time="4.268" ignored="0" failures="0" timestamp="17 May 2022 11:51:12 GMT" skipped="0" hostname="DESKTOP-GD2TQ7C" errors="0">
  <testcase name="forgotPassword" time="4.268" classname="org.login.XpathFb"/>
</testsuite> <!-- org.login.XpathFb -->
