<?xml version="1.0" encoding="UTF-8"?>
<!-- Generated by org.testng.reporters.JUnitReportReporter -->
<testsuite name="dataProvider.DataProviderNew" tests="2" time="35.887" ignored="0" failures="0" timestamp="23 Apr 2022 09:11:32 GMT" skipped="0" hostname="DESKTOP-GD2TQ7C" errors="0">
  <testcase name="login" time="22.601" classname="dataProvider.DataProviderNew"/>
  <testcase name="login" time="13.286" classname="dataProvider.DataProviderNew"/>
</testsuite> <!-- dataProvider.DataProviderNew -->
