<?xml version="1.0" encoding="UTF-8"?>
<!-- Generated by org.testng.reporters.JUnitReportReporter -->
<testsuite name="dataProvider.LeaarnDataProvider" tests="2" time="23.374" ignored="0" failures="0" timestamp="23 Apr 2022 06:11:46 GMT" skipped="0" hostname="DESKTOP-GD2TQ7C" errors="0">
  <testcase name="login" time="9.959" classname="dataProvider.LeaarnDataProvider"/>
  <testcase name="login" time="13.415" classname="dataProvider.LeaarnDataProvider"/>
</testsuite> <!-- dataProvider.LeaarnDataProvider -->
