<?xml version="1.0" encoding="UTF-8"?>
<!-- Generated by org.testng.reporters.JUnitReportReporter -->
<testsuite name="org.login.PropertyFileMethod" tests="1" time="9.001" ignored="0" failures="0" timestamp="09 May 2022 13:25:21 GMT" skipped="0" hostname="DESKTOP-GD2TQ7C" errors="0">
  <testcase name="getProperty" time="9.001" classname="org.login.PropertyFileMethod"/>
</testsuite> <!-- org.login.PropertyFileMethod -->
