<?xml version="1.0" encoding="UTF-8"?>
<!-- Generated by org.testng.reporters.JUnitReportReporter -->
<testsuite name="org.login.TestNGNew" tests="5" time="0.025" ignored="0" failures="0" timestamp="15 Apr 2022 04:31:13 GMT" skipped="0" hostname="DESKTOP-GD2TQ7C" errors="0">
  <testcase name="test01" time="0.017" classname="org.login.TestNGNew"/>
  <testcase name="test05" time="0.002" classname="org.login.TestNGNew"/>
  <testcase name="test02" time="0.001" classname="org.login.TestNGNew"/>
  <testcase name="test04" time="0.002" classname="org.login.TestNGNew"/>
  <testcase name="test03" time="0.003" classname="org.login.TestNGNew"/>
</testsuite> <!-- org.login.TestNGNew -->
