<?xml version="1.0" encoding="UTF-8"?>
<!-- Generated by org.testng.reporters.JUnitReportReporter -->
<testsuite name="org.login.XpathFb" tests="1" time="15.751" ignored="0" failures="0" timestamp="25 May 2022 11:11:52 GMT" skipped="0" hostname="DESKTOP-GD2TQ7C" errors="0">
  <testcase name="XPath" time="15.751" classname="org.login.XpathFb"/>
</testsuite> <!-- org.login.XpathFb -->
